\BOOKMARK [0][-]{chapter.1}{\376\377\000N\000a\000m\000e\000s\000p\000a\000c\000e\000\040\000I\000n\000d\000e\000x}{}% 1
\BOOKMARK [1][-]{section.1.1}{\376\377\000N\000a\000m\000e\000s\000p\000a\000c\000e\000\040\000L\000i\000s\000t}{chapter.1}% 2
\BOOKMARK [0][-]{chapter.2}{\376\377\000F\000i\000l\000e\000\040\000I\000n\000d\000e\000x}{}% 3
\BOOKMARK [1][-]{section.2.1}{\376\377\000F\000i\000l\000e\000\040\000L\000i\000s\000t}{chapter.2}% 4
\BOOKMARK [0][-]{chapter.3}{\376\377\000N\000a\000m\000e\000s\000p\000a\000c\000e\000\040\000D\000o\000c\000u\000m\000e\000n\000t\000a\000t\000i\000o\000n}{}% 5
\BOOKMARK [1][-]{section.3.1}{\376\377\000b\000o\000o\000t\000\040\000N\000a\000m\000e\000s\000p\000a\000c\000e\000\040\000R\000e\000f\000e\000r\000e\000n\000c\000e}{chapter.3}% 6
\BOOKMARK [1][-]{section.3.2}{\376\377\000c\000g\000i\000S\000c\000r\000i\000p\000t\000\040\000N\000a\000m\000e\000s\000p\000a\000c\000e\000\040\000R\000e\000f\000e\000r\000e\000n\000c\000e}{chapter.3}% 7
\BOOKMARK [2][-]{subsection.3.2.1}{\376\377\000V\000a\000r\000i\000a\000b\000l\000e\000\040\000D\000o\000c\000u\000m\000e\000n\000t\000a\000t\000i\000o\000n}{section.3.2}% 8
\BOOKMARK [3][-]{subsubsection.3.2.1.1}{\376\377\000h\000a\000n\000d\000l\000e\000r}{subsection.3.2.1}% 9
\BOOKMARK [3][-]{subsubsection.3.2.1.2}{\376\377\000h\000t\000t\000p\000d}{subsection.3.2.1}% 10
\BOOKMARK [3][-]{subsubsection.3.2.1.3}{\376\377\000s\000e\000r\000v\000e\000r}{subsection.3.2.1}% 11
\BOOKMARK [3][-]{subsubsection.3.2.1.4}{\376\377\000s\000e\000r\000v\000e\000r\000\137\000a\000d\000d\000r\000e\000s\000s}{subsection.3.2.1}% 12
\BOOKMARK [1][-]{section.3.3}{\376\377\000c\000o\000d\000e\000\040\000N\000a\000m\000e\000s\000p\000a\000c\000e\000\040\000R\000e\000f\000e\000r\000e\000n\000c\000e}{chapter.3}% 13
\BOOKMARK [2][-]{subsection.3.3.1}{\376\377\000F\000u\000n\000c\000t\000i\000o\000n\000\040\000D\000o\000c\000u\000m\000e\000n\000t\000a\000t\000i\000o\000n}{section.3.3}% 14
\BOOKMARK [3][-]{subsubsection.3.3.1.1}{\376\377\000b\000u\000i\000l\000d\000L\000o\000c\000a\000t\000i\000o\000n}{subsection.3.3.1}% 15
\BOOKMARK [3][-]{subsubsection.3.3.1.2}{\376\377\000e\000n\000d\000B\000o\000d\000y}{subsection.3.3.1}% 16
\BOOKMARK [3][-]{subsubsection.3.3.1.3}{\376\377\000e\000n\000d\000L\000o\000c\000a\000t\000i\000o\000n}{subsection.3.3.1}% 17
\BOOKMARK [3][-]{subsubsection.3.3.1.4}{\376\377\000e\000n\000d\000S\000t\000a\000t\000i\000o\000n}{subsection.3.3.1}% 18
\BOOKMARK [3][-]{subsubsection.3.3.1.5}{\376\377\000G\000e\000n\000e\000r\000a\000t\000e\000S\000i\000t\000e}{subsection.3.3.1}% 19
\BOOKMARK [3][-]{subsubsection.3.3.1.6}{\376\377\000g\000e\000n\000I\000D\000f\000o\000r\000L\000o\000c\000a\000t\000i\000o\000n}{subsection.3.3.1}% 20
\BOOKMARK [3][-]{subsubsection.3.3.1.7}{\376\377\000g\000e\000n\000I\000D\000f\000o\000r\000S\000t\000a\000t\000i\000o\000n}{subsection.3.3.1}% 21
\BOOKMARK [3][-]{subsubsection.3.3.1.8}{\376\377\000g\000e\000n\000I\000D\000s}{subsection.3.3.1}% 22
\BOOKMARK [3][-]{subsubsection.3.3.1.9}{\376\377\000g\000e\000n\000M\000e\000a\000l}{subsection.3.3.1}% 23
\BOOKMARK [3][-]{subsubsection.3.3.1.10}{\376\377\000g\000e\000t\000H\000e\000a\000d}{subsection.3.3.1}% 24
\BOOKMARK [3][-]{subsubsection.3.3.1.11}{\376\377\000g\000e\000t\000M\000e\000a\000l\000S\000t\000r}{subsection.3.3.1}% 25
\BOOKMARK [3][-]{subsubsection.3.3.1.12}{\376\377\000m\000a\000i\000n}{subsection.3.3.1}% 26
\BOOKMARK [3][-]{subsubsection.3.3.1.13}{\376\377\000m\000a\000k\000e\000V\000a\000r\000i\000a\000b\000l\000e\000N\000a\000m\000e}{subsection.3.3.1}% 27
\BOOKMARK [3][-]{subsubsection.3.3.1.14}{\376\377\000s\000t\000a\000r\000t\000B\000o\000d\000y}{subsection.3.3.1}% 28
\BOOKMARK [3][-]{subsubsection.3.3.1.15}{\376\377\000s\000t\000a\000r\000t\000L\000o\000c\000a\000t\000i\000o\000n}{subsection.3.3.1}% 29
\BOOKMARK [3][-]{subsubsection.3.3.1.16}{\376\377\000s\000t\000a\000r\000t\000S\000t\000a\000t\000i\000o\000n}{subsection.3.3.1}% 30
\BOOKMARK [1][-]{section.3.4}{\376\377\000r\000o\000t\000a\000t\000e\000\040\000N\000a\000m\000e\000s\000p\000a\000c\000e\000\040\000R\000e\000f\000e\000r\000e\000n\000c\000e}{chapter.3}% 31
\BOOKMARK [1][-]{section.3.5}{\376\377\000s\000q\000l\000p\000a\000s\000s\000\040\000N\000a\000m\000e\000s\000p\000a\000c\000e\000\040\000R\000e\000f\000e\000r\000e\000n\000c\000e}{chapter.3}% 32
\BOOKMARK [2][-]{subsection.3.5.1}{\376\377\000V\000a\000r\000i\000a\000b\000l\000e\000\040\000D\000o\000c\000u\000m\000e\000n\000t\000a\000t\000i\000o\000n}{section.3.5}% 33
\BOOKMARK [3][-]{subsubsection.3.5.1.1}{\376\377\000p\000a\000s\000s\000w\000o\000r\000d}{subsection.3.5.1}% 34
\BOOKMARK [3][-]{subsubsection.3.5.1.2}{\376\377\000u\000s\000e\000r\000n\000a\000m\000e}{subsection.3.5.1}% 35
\BOOKMARK [1][-]{section.3.6}{\376\377\000s\000t\000y\000l\000e\000\040\000N\000a\000m\000e\000s\000p\000a\000c\000e\000\040\000R\000e\000f\000e\000r\000e\000n\000c\000e}{chapter.3}% 36
\BOOKMARK [0][-]{chapter.4}{\376\377\000F\000i\000l\000e\000\040\000D\000o\000c\000u\000m\000e\000n\000t\000a\000t\000i\000o\000n}{}% 37
\BOOKMARK [1][-]{section.4.1}{\376\377\000b\000o\000o\000t\000.\000p\000y\000\040\000F\000i\000l\000e\000\040\000R\000e\000f\000e\000r\000e\000n\000c\000e}{chapter.4}% 38
\BOOKMARK [1][-]{section.4.2}{\376\377\000c\000g\000i\000S\000c\000r\000i\000p\000t\000.\000p\000y\000\040\000F\000i\000l\000e\000\040\000R\000e\000f\000e\000r\000e\000n\000c\000e}{chapter.4}% 39
\BOOKMARK [1][-]{section.4.3}{\376\377\000c\000o\000d\000e\000.\000p\000y\000\040\000F\000i\000l\000e\000\040\000R\000e\000f\000e\000r\000e\000n\000c\000e}{chapter.4}% 40
\BOOKMARK [1][-]{section.4.4}{\376\377\000r\000o\000t\000a\000t\000e\000.\000p\000y\000\040\000F\000i\000l\000e\000\040\000R\000e\000f\000e\000r\000e\000n\000c\000e}{chapter.4}% 41
\BOOKMARK [1][-]{section.4.5}{\376\377\000s\000q\000l\000p\000a\000s\000s\000.\000p\000y\000\040\000F\000i\000l\000e\000\040\000R\000e\000f\000e\000r\000e\000n\000c\000e}{chapter.4}% 42
\BOOKMARK [1][-]{section.4.6}{\376\377\000s\000t\000y\000l\000e\000.\000p\000y\000\040\000F\000i\000l\000e\000\040\000R\000e\000f\000e\000r\000e\000n\000c\000e}{chapter.4}% 43
\BOOKMARK [0][-]{section*.14}{\376\377\000I\000n\000d\000e\000x}{}% 44
